# JRE version: Java(TM) SE Runtime Environment (8.0_144-b01) (build 1.8.0_144-b01)
# Java VM: Java HotSpot(TM) 64-Bit Server VM (25.144-b01 mixed mode windows-amd64 compressed oops)
Heap:
 PSYoungGen      total 37888K, used 7970K [0x00000000d6580000, 0x00000000d9700000, 0x0000000100000000)
  eden space 32768K, 8% used [0x00000000d6580000,0x00000000d684bc48,0x00000000d8580000)
  from space 5120K, 99% used [0x00000000d8a80000,0x00000000d8f7cf70,0x00000000d8f80000)
  to   space 5120K, 0% used [0x00000000d8580000,0x00000000d8580000,0x00000000d8a80000)
 ParOldGen       total 66560K, used 13077K [0x0000000083000000, 0x0000000087100000, 0x00000000d6580000)
  object space 66560K, 19% used [0x0000000083000000,0x0000000083cc57a0,0x0000000087100000)
 Metaspace       used 22266K, capacity 24006K, committed 24192K, reserved 1069056K
  class space    used 3287K, capacity 3600K, committed 3712K, reserved 1048576K
GC Heap History (10 events):
Event: 0.745 GC heap before
{Heap before GC invocations=1 (full 0):
 PSYoungGen      total 37888K, used 32768K [0x00000000d6580000, 0x00000000d8f80000, 0x0000000100000000)
  eden space 32768K, 100% used [0x00000000d6580000,0x00000000d8580000,0x00000000d8580000)
  from space 5120K, 0% used [0x00000000d8a80000,0x00000000d8a80000,0x00000000d8f80000)
  to   space 5120K, 0% used [0x00000000d8580000,0x00000000d8580000,0x00000000d8a80000)
 ParOldGen       total 86016K, used 0K [0x0000000083000000, 0x0000000088400000, 0x00000000d6580000)
  object space 86016K, 0% used [0x0000000083000000,0x0000000083000000,0x0000000088400000)
 Metaspace       used 10994K, capacity 11312K, committed 11520K, reserved 1058816K
  class space    used 1369K, capacity 1479K, committed 1536K, reserved 1048576K
Event: 0.749 GC heap after
Heap after GC invocations=1 (full 0):
 PSYoungGen      total 37888K, used 3565K [0x00000000d6580000, 0x00000000d8f80000, 0x0000000100000000)
  eden space 32768K, 0% used [0x00000000d6580000,0x00000000d6580000,0x00000000d8580000)
  from space 5120K, 69% used [0x00000000d8580000,0x00000000d88fb570,0x00000000d8a80000)
  to   space 5120K, 0% used [0x00000000d8a80000,0x00000000d8a80000,0x00000000d8f80000)
 ParOldGen       total 86016K, used 80K [0x0000000083000000, 0x0000000088400000, 0x00000000d6580000)
  object space 86016K, 0% used [0x0000000083000000,0x0000000083014010,0x0000000088400000)
 Metaspace       used 10994K, capacity 11312K, committed 11520K, reserved 1058816K
  class space    used 1369K, capacity 1479K, committed 1536K, reserved 1048576K
}
Event: 1.316 GC heap before
{Heap before GC invocations=2 (full 0):
 PSYoungGen      total 37888K, used 36333K [0x00000000d6580000, 0x00000000d8f80000, 0x0000000100000000)
  eden space 32768K, 100% used [0x00000000d6580000,0x00000000d8580000,0x00000000d8580000)
  from space 5120K, 69% used [0x00000000d8580000,0x00000000d88fb570,0x00000000d8a80000)
  to   space 5120K, 0% used [0x00000000d8a80000,0x00000000d8a80000,0x00000000d8f80000)
 ParOldGen       total 86016K, used 80K [0x0000000083000000, 0x0000000088400000, 0x00000000d6580000)
  object space 86016K, 0% used [0x0000000083000000,0x0000000083014010,0x0000000088400000)
 Metaspace       used 17872K, capacity 18964K, committed 19072K, reserved 1064960K
  class space    used 2700K, capacity 2919K, committed 2944K, reserved 1048576K
Event: 1.322 GC heap after
Heap after GC invocations=2 (full 0):
 PSYoungGen      total 37888K, used 5104K [0x00000000d6580000, 0x00000000d8f80000, 0x0000000100000000)
  eden space 32768K, 0% used [0x00000000d6580000,0x00000000d6580000,0x00000000d8580000)
  from space 5120K, 99% used [0x00000000d8a80000,0x00000000d8f7c050,0x00000000d8f80000)
  to   space 5120K, 0% used [0x00000000d8580000,0x00000000d8580000,0x00000000d8a80000)
 ParOldGen       total 86016K, used 168K [0x0000000083000000, 0x0000000088400000, 0x00000000d6580000)
  object space 86016K, 0% used [0x0000000083000000,0x000000008302a010,0x0000000088400000)
 Metaspace       used 17872K, capacity 18964K, committed 19072K, reserved 1064960K
  class space    used 2700K, capacity 2919K, committed 2944K, reserved 1048576K
}
Event: 1.724 GC heap before
{Heap before GC invocations=3 (full 0):
 PSYoungGen      total 37888K, used 19345K [0x00000000d6580000, 0x00000000d8f80000, 0x0000000100000000)
  eden space 32768K, 43% used [0x00000000d6580000,0x00000000d73686c8,0x00000000d8580000)
  from space 5120K, 99% used [0x00000000d8a80000,0x00000000d8f7c050,0x00000000d8f80000)
  to   space 5120K, 0% used [0x00000000d8580000,0x00000000d8580000,0x00000000d8a80000)
 ParOldGen       total 86016K, used 168K [0x0000000083000000, 0x0000000088400000, 0x00000000d6580000)
  object space 86016K, 0% used [0x0000000083000000,0x000000008302a010,0x0000000088400000)
 Metaspace       used 19785K, capacity 21184K, committed 21248K, reserved 1067008K
  class space    used 3027K, capacity 3305K, committed 3328K, reserved 1048576K
Event: 1.730 GC heap after
Heap after GC invocations=3 (full 0):
 PSYoungGen      total 37888K, used 5104K [0x00000000d6580000, 0x00000000d8f80000, 0x0000000100000000)
  eden space 32768K, 0% used [0x00000000d6580000,0x00000000d6580000,0x00000000d8580000)
  from space 5120K, 99% used [0x00000000d8580000,0x00000000d8a7c030,0x00000000d8a80000)
  to   space 5120K, 0% used [0x00000000d8a80000,0x00000000d8a80000,0x00000000d8f80000)
 ParOldGen       total 86016K, used 2314K [0x0000000083000000, 0x0000000088400000, 0x00000000d6580000)
  object space 86016K, 2% used [0x0000000083000000,0x0000000083242aa0,0x0000000088400000)
 Metaspace       used 19785K, capacity 21184K, committed 21248K, reserved 1067008K
  class space    used 3027K, capacity 3305K, committed 3328K, reserved 1048576K
}
Event: 1.730 GC heap before
{Heap before GC invocations=4 (full 1):
 PSYoungGen      total 37888K, used 5104K [0x00000000d6580000, 0x00000000d8f80000, 0x0000000100000000)
  eden space 32768K, 0% used [0x00000000d6580000,0x00000000d6580000,0x00000000d8580000)
  from space 5120K, 99% used [0x00000000d8580000,0x00000000d8a7c030,0x00000000d8a80000)
  to   space 5120K, 0% used [0x00000000d8a80000,0x00000000d8a80000,0x00000000d8f80000)
 ParOldGen       total 86016K, used 2314K [0x0000000083000000, 0x0000000088400000, 0x00000000d6580000)
  object space 86016K, 2% used [0x0000000083000000,0x0000000083242aa0,0x0000000088400000)
 Metaspace       used 19785K, capacity 21184K, committed 21248K, reserved 1067008K
  class space    used 3027K, capacity 3305K, committed 3328K, reserved 1048576K
Event: 1.776 GC heap after
Heap after GC invocations=4 (full 1):
 PSYoungGen      total 37888K, used 0K [0x00000000d6580000, 0x00000000d8f80000, 0x0000000100000000)
  eden space 32768K, 0% used [0x00000000d6580000,0x00000000d6580000,0x00000000d8580000)
  from space 5120K, 0% used [0x00000000d8580000,0x00000000d8580000,0x00000000d8a80000)
  to   space 5120K, 0% used [0x00000000d8a80000,0x00000000d8a80000,0x00000000d8f80000)
 ParOldGen       total 66560K, used 7244K [0x0000000083000000, 0x0000000087100000, 0x00000000d6580000)
  object space 66560K, 10% used [0x0000000083000000,0x00000000837130d0,0x0000000087100000)
 Metaspace       used 19785K, capacity 21184K, committed 21248K, reserved 1067008K
  class space    used 3027K, capacity 3305K, committed 3328K, reserved 1048576K
}
Event: 70.785 GC heap before
{Heap before GC invocations=5 (full 1):
 PSYoungGen      total 37888K, used 32768K [0x00000000d6580000, 0x00000000d8f80000, 0x0000000100000000)
  eden space 32768K, 100% used [0x00000000d6580000,0x00000000d8580000,0x00000000d8580000)
  from space 5120K, 0% used [0x00000000d8580000,0x00000000d8580000,0x00000000d8a80000)
  to   space 5120K, 0% used [0x00000000d8a80000,0x00000000d8a80000,0x00000000d8f80000)
 ParOldGen       total 66560K, used 7244K [0x0000000083000000, 0x0000000087100000, 0x00000000d6580000)
  object space 66560K, 10% used [0x0000000083000000,0x00000000837130d0,0x0000000087100000)
 Metaspace       used 22204K, capacity 23930K, committed 24192K, reserved 1069056K
  class space    used 3283K, capacity 3598K, committed 3712K, reserved 1048576K
Event: 70.792 GC heap after
Heap after GC invocations=5 (full 1):
 PSYoungGen      total 37888K, used 5107K [0x00000000d6580000, 0x00000000d9700000, 0x0000000100000000)
  eden space 32768K, 0% used [0x00000000d6580000,0x00000000d6580000,0x00000000d8580000)
  from space 5120K, 99% used [0x00000000d8a80000,0x00000000d8f7cf70,0x00000000d8f80000)
  to   space 5120K, 0% used [0x00000000d8580000,0x00000000d8580000,0x00000000d8a80000)
 ParOldGen       total 66560K, used 13077K [0x0000000083000000, 0x0000000087100000, 0x00000000d6580000)
  object space 66560K, 19% used [0x0000000083000000,0x0000000083cc57a0,0x0000000087100000)
 Metaspace       used 22204K, capacity 23930K, committed 24192K, reserved 1069056K
  class space    used 3283K, capacity 3598K, committed 3712K, reserved 1048576K
}

